<?xml version="1.0" encoding="utf-8"?><testsuites><testsuite name="pytest" errors="0" failures="0" skipped="0" tests="8" time="0.998" timestamp="2022-12-21T20:07:19.233313" hostname="buildkitsandbox"><testcase classname="tests.test_films.TestFilms" name="test_get_films_with_db" time="0.031" /><testcase classname="tests.test_films.TestFilms" name="test_get_films_mock_db" time="0.005" /><testcase classname="tests.test_films.TestFilms" name="test_create_film_with_db" time="0.019" /><testcase classname="tests.test_films.TestFilms" name="test_create_film_with_mock_db" time="0.008" /><testcase classname="tests.test_films.TestFilms" name="test_update_film_with_db" time="0.017" /><testcase classname="tests.test_films.TestFilms" name="test_update_film_with_mock_db" time="0.005" /><testcase classname="tests.test_films.TestFilms" name="test_delete_film_with_db" time="0.012" /><testcase classname="tests.test_smoke" name="test_smoke" time="0.002" /></testsuite></testsuites>